2022-11-15 11:55:43,767 INFO    org.example.SQLconnection.SqlConfig - SQL configuration was set for database - summery_projectfor the user root and password omar135790864
2022-11-15 11:55:43,776 INFO    org.example.ORM.RepoLogic - creating SELECT * FROM org.example.exampleClasses.User WHERE id = 1
2022-11-15 11:56:00,268 INFO    org.example.SQLconnection.SqlConfig - SQL configuration was set for database - summery_projectfor the user root and password root
2022-11-15 11:56:00,274 INFO    org.example.ORM.RepoLogic - creating SELECT * FROM org.example.exampleClasses.User WHERE id = 1
2022-11-15 12:12:14,954 INFO    org.example.SQLconnection.SqlConfig - SQL configuration was set for database - summery_projectfor the user root and password root
2022-11-15 12:12:14,961 INFO    org.example.ORM.RepoLogic - Creating table for org.example.exampleClasses.User
2022-11-15 12:12:47,516 INFO    org.example.SQLconnection.SqlConfig - SQL configuration was set for database - summery_projectfor the user root and password root
2022-11-15 12:12:47,522 INFO    org.example.ORM.RepoLogic - Creating table for org.example.exampleClasses.User
2022-11-15 12:15:02,655 INFO    org.example.SQLconnection.SqlConfig - SQL configuration was set for database - summery_projectfor the user root and password root
2022-11-15 12:15:02,663 INFO    org.example.ORM.RepoLogic - Creating table for org.example.exampleClasses.User
2022-11-15 11:37:07,355 INFO    org.example.exampleClasses.User - created user named shai levi
2022-11-15 11:37:07,364 INFO    org.example.ORM.RepoLogic - creating INSERT INTO class org.example.exampleClasses.User Query
2022-11-15 11:40:15,550 INFO    org.example.exampleClasses.User - created user named shai levi
2022-11-15 11:40:15,559 INFO    org.example.ORM.RepoLogic - creating INSERT INTO class org.example.exampleClasses.User Query
2022-11-15 11:41:12,169 INFO    org.example.exampleClasses.User - created user named shai levi
2022-11-15 11:41:12,174 INFO    org.example.ORM.RepoLogic - creating INSERT INTO class org.example.exampleClasses.User Query
2022-11-15 11:42:08,769 INFO    org.example.exampleClasses.User - created user named shai levi
2022-11-15 11:42:08,781 INFO    org.example.ORM.RepoLogic - creating INSERT INTO class org.example.exampleClasses.User Query
2022-11-15 11:45:07,418 INFO    org.example.ORM.RepoLogic - creating INSERT INTO class org.example.exampleClasses.User Query
2022-11-15 11:45:20,619 INFO    org.example.ORM.RepoLogic - creating INSERT INTO class org.example.exampleClasses.User Query
2022-11-15 11:45:55,297 INFO    org.example.ORM.RepoLogic - creating INSERT INTO class org.example.exampleClasses.User Query
2022-11-15 11:46:31,423 INFO    org.example.ORM.RepoLogic - creating INSERT INTO class org.example.exampleClasses.User Query
2022-11-15 11:47:53,758 INFO    org.example.ORM.RepoLogic - creating INSERT INTO class org.example.exampleClasses.User Query
2022-11-15 11:50:39,351 INFO    org.example.ORM.RepoLogic - creating INSERT INTO class org.example.exampleClasses.User Query
2022-11-15 11:56:25,931 INFO    org.example.ORM.RepoLogic - creating INSERT INTO class org.example.exampleClasses.User Query
2022-11-15 11:57:31,860 INFO    org.example.ORM.RepoLogic - creating INSERT INTO class org.example.exampleClasses.User Query
2022-11-15 12:00:17,788 INFO    org.example.ORM.RepoLogic - creating INSERT INTO class org.example.exampleClasses.User Query
2022-11-15 12:02:06,683 INFO    org.example.ORM.RepoLogic - creating INSERT INTO class org.example.exampleClasses.User Query
2022-11-15 12:02:08,042 INFO    org.example.ORM.RepoLogic - creating SELECT * FROM class org.example.exampleClasses.User WHERE id = 1
2022-11-15 12:04:44,364 INFO    org.example.ORM.RepoLogic - creating INSERT INTO User Query
2022-11-15 12:04:45,458 INFO    org.example.ORM.RepoLogic - creating SELECT * FROM User WHERE id = 1
2022-11-15 12:14:29,857 INFO    org.example.ORM.RepoLogic - creating INSERT INTO User Query
2022-11-15 12:14:30,933 INFO    org.example.ORM.RepoLogic - creating SELECT * FROM User
2022-11-15 12:16:10,161 INFO    org.example.ORM.RepoLogic - creating INSERT INTO User Query
2022-11-15 12:16:11,266 INFO    org.example.ORM.RepoLogic - creating SELECT * FROM User
2022-11-15 12:16:55,927 INFO    org.example.ORM.RepoLogic - creating INSERT INTO User Query
2022-11-15 12:16:57,105 INFO    org.example.ORM.RepoLogic - creating SELECT * FROM User
2022-11-15 12:18:18,242 INFO    org.example.ORM.RepoLogic - creating INSERT INTO User Query
2022-11-15 12:18:19,312 INFO    org.example.ORM.RepoLogic - creating SELECT * FROM User
2022-11-15 12:20:55,937 INFO    org.example.ORM.RepoLogic - creating INSERT INTO User Query
2022-11-15 12:20:57,039 INFO    org.example.ORM.RepoLogic - creating SELECT * FROM User
2022-11-15 12:56:23,744 INFO    org.example.SQLconnection.SqlConfig - SQL configuration was set for database - summery_projectfor the user root and password omar135790864
2022-11-15 12:56:23,933 INFO    org.example.ORM.Repository - Connection created for summery_project
2022-11-15 12:56:23,939 INFO    org.example.ORM.RepoLogic - creating SELECT * FROM User
2022-11-15 13:17:50,675 INFO    org.example.SQLconnection.SqlConfig - SQL configuration was set for database - summery_projectfor the user root and password omar135790864
2022-11-15 13:17:50,677 INFO    org.example.ORM.RepoLogic - Creating table for org.example.exampleClasses.User
2022-11-15 13:18:24,684 INFO    org.example.SQLconnection.SqlConfig - SQL configuration was set for database - summery_projectfor the user root and password omar135790864
2022-11-15 13:18:24,686 INFO    org.example.ORM.RepoLogic - Creating table for org.example.exampleClasses.User
2022-11-15 13:18:24,888 INFO    org.example.ORM.RepoLogic - creating INSERT INTO User Query
2022-11-15 13:18:24,911 INFO    org.example.ORM.Repository - Connection created for summery_project
2022-11-15 13:18:24,914 INFO    org.example.ORM.RepoLogic - creating SELECT * FROM User
2022-11-15 13:18:24,937 INFO    org.example.ORM.RepoLogic - creating INSERT INTO User Query
2022-11-15 13:18:24,954 INFO    org.example.ORM.Repository - Connection created for summery_project
2022-11-15 13:18:24,955 INFO    org.example.ORM.RepoLogic - creating SELECT * FROM User
2022-11-15 13:18:24,974 INFO    org.example.ORM.RepoLogic - creating INSERT INTO User Query
2022-11-15 13:18:24,989 INFO    org.example.ORM.Repository - Connection created for summery_project
2022-11-15 13:18:24,990 INFO    org.example.ORM.RepoLogic - creating SELECT * FROM User
2022-11-15 13:19:54,228 INFO    org.example.SQLconnection.SqlConfig - SQL configuration was set for database - summery_projectfor the user root and password omar135790864
2022-11-15 13:19:54,420 INFO    org.example.ORM.Repository - Connection created for summery_project
2022-11-15 13:19:54,428 INFO    org.example.ORM.RepoLogic - creating SELECT * FROM User
2022-11-15 13:40:30,201 INFO    org.example.SQLconnection.SqlConfig - SQL configuration was set for database - summery_projectfor the user root and password omar135790864
2022-11-15 13:40:30,204 INFO    org.example.ORM.RepoLogic - creating SELECT * FROM User Query
2022-11-15 13:42:03,686 INFO    org.example.SQLconnection.SqlConfig - SQL configuration was set for database - summery_projectfor the user root and password omar135790864
2022-11-15 13:42:03,688 INFO    org.example.ORM.RepoLogic - creating INSERT INTO User Query
2022-11-15 13:42:03,865 INFO    org.example.ORM.Repository - Connection created for summery_project
2022-11-15 13:42:03,875 INFO    org.example.ORM.RepoLogic - creating SELECT * FROM User
2022-11-15 13:42:03,907 INFO    org.example.ORM.RepoLogic - creating INSERT INTO User Query
2022-11-15 13:42:03,933 INFO    org.example.ORM.Repository - Connection created for summery_project
2022-11-15 13:42:03,935 INFO    org.example.ORM.RepoLogic - creating SELECT * FROM User
2022-11-15 13:42:03,951 INFO    org.example.ORM.RepoLogic - creating INSERT INTO User Query
2022-11-15 13:42:03,961 INFO    org.example.ORM.Repository - Connection created for summery_project
2022-11-15 13:42:03,963 INFO    org.example.ORM.RepoLogic - creating SELECT * FROM User
2022-11-15 13:43:27,219 INFO    org.example.SQLconnection.SqlConfig - SQL configuration was set for database - summery_projectfor the user root and password omar135790864
2022-11-15 13:43:27,221 INFO    org.example.ORM.RepoLogic - creating SELECT * FROM User WHERE id = 1
2022-11-15 13:54:22,574 INFO    org.example.SQLconnection.SqlConfig - SQL configuration was set for database - summery_projectfor the user root and password omar135790864
2022-11-15 13:54:22,576 INFO    org.example.ORM.RepoLogic - Creating table for org.example.exampleClasses.Shop
2022-11-15 13:54:42,363 INFO    org.example.SQLconnection.SqlConfig - SQL configuration was set for database - summery_projectfor the user root and password omar135790864
2022-11-15 13:54:42,366 INFO    org.example.ORM.RepoLogic - Creating table for org.example.exampleClasses.Shop
2022-11-15 13:54:54,000 INFO    org.example.SQLconnection.SqlConfig - SQL configuration was set for database - summery_projectfor the user root and password omar135790864
2022-11-15 13:54:54,002 INFO    org.example.ORM.RepoLogic - Truncating table org.example.exampleClasses.Shop
2022-11-15 13:54:54,182 INFO    org.example.ORM.Repository - Connection created for summery_project
2022-11-15 13:57:58,937 INFO    org.example.SQLconnection.SqlConfig - SQL configuration was set for database - summery_projectfor the user root and password omar135790864
2022-11-15 13:57:58,939 INFO    org.example.ORM.RepoLogic - Deleting many items by specific property
2022-11-15 13:57:59,123 INFO    org.example.ORM.Repository - Connection created for summery_project
2022-11-15 14:03:27,069 INFO    org.example.SQLconnection.SqlConfig - SQL configuration was set for database - summery_projectfor the user root and password omar135790864
2022-11-15 14:03:27,071 INFO    org.example.ORM.RepoLogic - Deleting many items by specific property
2022-11-15 14:03:27,265 INFO    org.example.ORM.Repository - Connection created for summery_project
2022-11-15 14:03:27,274 ERROR   org.example.ORM.Repository - Connection failed
2022-11-15 14:03:48,564 INFO    org.example.SQLconnection.SqlConfig - SQL configuration was set for database - summery_projectfor the user root and password omar135790864
2022-11-15 14:03:48,566 INFO    org.example.ORM.RepoLogic - Deleting many items by specific property
2022-11-15 14:03:48,752 INFO    org.example.ORM.Repository - Connection created for summery_project
2022-11-15 14:04:31,527 INFO    org.example.SQLconnection.SqlConfig - SQL configuration was set for database - summery_projectfor the user root and password omar135790864
2022-11-15 14:04:31,529 INFO    org.example.ORM.RepoLogic - Deleting many items by specific property
2022-11-15 14:04:31,712 INFO    org.example.ORM.Repository - Connection created for summery_project
2022-11-15 14:04:51,954 INFO    org.example.SQLconnection.SqlConfig - SQL configuration was set for database - summery_projectfor the user root and password omar135790864
2022-11-15 14:04:51,956 INFO    org.example.ORM.RepoLogic - Deleting many items by specific property
2022-11-15 14:04:52,139 INFO    org.example.ORM.Repository - Connection created for summery_project
2022-11-15 14:15:13,039 INFO    org.example.SQLconnection.SqlConfig - SQL configuration was set for database - summery_projectfor the user root and password omar135790864
2022-11-15 14:15:13,042 INFO    org.example.ORM.RepoLogic - creating INSERT INTO User Query
2022-11-15 14:15:13,235 INFO    org.example.ORM.Repository - Connection created for summery_project
2022-11-15 14:15:13,242 INFO    org.example.ORM.RepoLogic - creating SELECT * FROM User
2022-11-15 14:15:13,276 INFO    org.example.ORM.RepoLogic - creating INSERT INTO User Query
2022-11-15 14:15:13,290 INFO    org.example.ORM.Repository - Connection created for summery_project
2022-11-15 14:15:13,294 INFO    org.example.ORM.RepoLogic - creating SELECT * FROM User
2022-11-15 14:15:13,323 INFO    org.example.ORM.RepoLogic - creating INSERT INTO User Query
2022-11-15 14:15:13,345 INFO    org.example.ORM.Repository - Connection created for summery_project
2022-11-15 14:15:13,349 INFO    org.example.ORM.RepoLogic - creating SELECT * FROM User
